#-----------------------------------------------------------
# Vivado v2019.1 (64-bit)
# SW Build 2552052 on Fri May 24 14:49:42 MDT 2019
# IP Build 2548770 on Fri May 24 18:01:18 MDT 2019
# Start of session at: Fri Jun  7 17:02:07 2024
# Process ID: 7536
# Current directory: B:/All Books and lectures/Semester 4th/Computer Architecture and organisation lab/Labs/open ended lab/oel
# Command line: vivado.exe -gui_launcher_event rodinguilauncherevent13268 B:\All Books and lectures\Semester 4th\Computer Architecture and organisation lab\Labs\open ended lab\oel\oel.xpr
# Log file: B:/All Books and lectures/Semester 4th/Computer Architecture and organisation lab/Labs/open ended lab/oel/vivado.log
# Journal file: B:/All Books and lectures/Semester 4th/Computer Architecture and organisation lab/Labs/open ended lab/oel\vivado.jou
#-----------------------------------------------------------
start_gui
open_project {B:/All Books and lectures/Semester 4th/Computer Architecture and organisation lab/Labs/open ended lab/oel/oel.xpr}
INFO: [ProjectBase 1-489] The host OS only allows 260 characters in a normal path. The project is stored in a path with more than 80 characters. If you experience issues with IP, Block Designs, or files not being found, please consider moving the project to a location with a shorter path. Alternately consider using the OS subst command to map part of the path to a drive letter.
Current project path is 'B:/All Books and lectures/Semester 4th/Computer Architecture and organisation lab/Labs/open ended lab/oel'
Scanning sources...
Finished scanning sources
INFO: [IP_Flow 19-234] Refreshing IP repositories
INFO: [IP_Flow 19-1704] No user IP repositories specified
INFO: [IP_Flow 19-2313] Loaded Vivado IP repository 'A:/Xilinx/Vivado/2019.1/data/ip'.
open_project: Time (s): cpu = 00:00:06 ; elapsed = 00:00:07 . Memory (MB): peak = 676.027 ; gain = 43.059
update_compile_order -fileset sources_1
exit
INFO: [Common 17-206] Exiting Vivado at Fri Jun  7 17:44:22 2024...
