Vivado Simulator 2019.1
Copyright 1986-1999, 2001-2019 Xilinx, Inc. All Rights Reserved.
Running: G:/Xilinx/Vivado/2019.1/bin/unwrapped/win64.o/xelab.exe -wto e13948a768364bf59bdd5ce61a2ae1dd --incr --debug typical --relax --mt 2 -L xil_defaultlib -L unisims_ver -L unimacro_ver -L secureip --snapshot testbench_behav xil_defaultlib.testbench xil_defaultlib.glbl -log elaborate.log 
Using 2 slave threads.
Starting static elaboration
Completed static elaboration
Starting simulation data flow analysis
Completed simulation data flow analysis
Time Resolution for simulation is 1ps
Compiling module xil_defaultlib.Mux
Compiling module xil_defaultlib.PC_Module
Compiling module xil_defaultlib.Instruction_Memory
Compiling module xil_defaultlib.PC_Adder
Compiling module xil_defaultlib.fetch_cycle
Compiling module xil_defaultlib.Main_Decoder
Compiling module xil_defaultlib.ALU_Decoder
Compiling module xil_defaultlib.Control_Unit_Top
Compiling module xil_defaultlib.Register_File
Compiling module xil_defaultlib.Sign_Extend
Compiling module xil_defaultlib.decode_cycle
Compiling module xil_defaultlib.Mux_3_by_1
Compiling module xil_defaultlib.ALU
Compiling module xil_defaultlib.execute_cycle
Compiling module xil_defaultlib.Data_Memory
Compiling module xil_defaultlib.memory_cycle
Compiling module xil_defaultlib.writeback_cycle
Compiling module xil_defaultlib.hazard_unit
Compiling module xil_defaultlib.Pipeline_top
Compiling module xil_defaultlib.testbench
Compiling module xil_defaultlib.glbl
Built simulation snapshot testbench_behav
